# JRE version: Java(TM) SE Runtime Environment (8.0_251-b08) (build 1.8.0_251-b08)
# Java VM: Java HotSpot(TM) 64-Bit Server VM (25.251-b08 mixed mode windows-amd64 compressed oops)
Heap:
 PSYoungGen      total 73728K, used 22576K [0x00000000eb380000, 0x00000000f1900000, 0x0000000100000000)
  eden space 65536K, 34% used [0x00000000eb380000,0x00000000ec98c1f8,0x00000000ef380000)
  from space 8192K, 0% used [0x00000000f1100000,0x00000000f1100000,0x00000000f1900000)
  to   space 6144K, 0% used [0x00000000ef380000,0x00000000ef380000,0x00000000ef980000)
 ParOldGen       total 35840K, used 16162K [0x00000000c1a00000, 0x00000000c3d00000, 0x00000000eb380000)
  object space 35840K, 45% used [0x00000000c1a00000,0x00000000c29c8b88,0x00000000c3d00000)
 Metaspace       used 35738K, capacity 37986K, committed 38144K, reserved 1085440K
  class space    used 4927K, capacity 5311K, committed 5376K, reserved 1048576K
GC Heap History (10 events):
Event: 6.822 GC heap before
{Heap before GC invocations=8 (full 1):
 PSYoungGen      total 71680K, used 5073K [0x00000000eb380000, 0x00000000eff80000, 0x0000000100000000)
  eden space 65536K, 0% used [0x00000000eb380000,0x00000000eb380000,0x00000000ef380000)
  from space 6144K, 82% used [0x00000000ef380000,0x00000000ef8747c8,0x00000000ef980000)
  to   space 6144K, 0% used [0x00000000ef980000,0x00000000ef980000,0x00000000eff80000)
 ParOldGen       total 44032K, used 11363K [0x00000000c1a00000, 0x00000000c4500000, 0x00000000eb380000)
  object space 44032K, 25% used [0x00000000c1a00000,0x00000000c2518e28,0x00000000c4500000)
 Metaspace       used 20339K, capacity 21206K, committed 21296K, reserved 1067008K
  class space    used 2654K, capacity 2869K, committed 2944K, reserved 1048576K
Event: 6.935 GC heap after
Heap after GC invocations=8 (full 1):
 PSYoungGen      total 71680K, used 0K [0x00000000eb380000, 0x00000000eff80000, 0x0000000100000000)
  eden space 65536K, 0% used [0x00000000eb380000,0x00000000eb380000,0x00000000ef380000)
  from space 6144K, 0% used [0x00000000ef380000,0x00000000ef380000,0x00000000ef980000)
  to   space 6144K, 0% used [0x00000000ef980000,0x00000000ef980000,0x00000000eff80000)
 ParOldGen       total 35840K, used 9591K [0x00000000c1a00000, 0x00000000c3d00000, 0x00000000eb380000)
  object space 35840K, 26% used [0x00000000c1a00000,0x00000000c235dfe8,0x00000000c3d00000)
 Metaspace       used 20339K, capacity 21206K, committed 21296K, reserved 1067008K
  class space    used 2654K, capacity 2869K, committed 2944K, reserved 1048576K
}
Event: 9.659 GC heap before
{Heap before GC invocations=9 (full 1):
 PSYoungGen      total 71680K, used 65536K [0x00000000eb380000, 0x00000000eff80000, 0x0000000100000000)
  eden space 65536K, 100% used [0x00000000eb380000,0x00000000ef380000,0x00000000ef380000)
  from space 6144K, 0% used [0x00000000ef380000,0x00000000ef380000,0x00000000ef980000)
  to   space 6144K, 0% used [0x00000000ef980000,0x00000000ef980000,0x00000000eff80000)
 ParOldGen       total 35840K, used 9591K [0x00000000c1a00000, 0x00000000c3d00000, 0x00000000eb380000)
  object space 35840K, 26% used [0x00000000c1a00000,0x00000000c235dfe8,0x00000000c3d00000)
 Metaspace       used 25721K, capacity 27442K, committed 27648K, reserved 1073152K
  class space    used 3450K, capacity 3777K, committed 3840K, reserved 1048576K
Event: 9.683 GC heap after
Heap after GC invocations=9 (full 1):
 PSYoungGen      total 71680K, used 6141K [0x00000000eb380000, 0x00000000eff80000, 0x0000000100000000)
  eden space 65536K, 0% used [0x00000000eb380000,0x00000000eb380000,0x00000000ef380000)
  from space 6144K, 99% used [0x00000000ef980000,0x00000000eff7f488,0x00000000eff80000)
  to   space 6144K, 0% used [0x00000000ef380000,0x00000000ef380000,0x00000000ef980000)
 ParOldGen       total 35840K, used 11609K [0x00000000c1a00000, 0x00000000c3d00000, 0x00000000eb380000)
  object space 35840K, 32% used [0x00000000c1a00000,0x00000000c25567f0,0x00000000c3d00000)
 Metaspace       used 25721K, capacity 27442K, committed 27648K, reserved 1073152K
  class space    used 3450K, capacity 3777K, committed 3840K, reserved 1048576K
}
Event: 11.028 GC heap before
{Heap before GC invocations=10 (full 1):
 PSYoungGen      total 71680K, used 71677K [0x00000000eb380000, 0x00000000eff80000, 0x0000000100000000)
  eden space 65536K, 100% used [0x00000000eb380000,0x00000000ef380000,0x00000000ef380000)
  from space 6144K, 99% used [0x00000000ef980000,0x00000000eff7f488,0x00000000eff80000)
  to   space 6144K, 0% used [0x00000000ef380000,0x00000000ef380000,0x00000000ef980000)
 ParOldGen       total 35840K, used 11609K [0x00000000c1a00000, 0x00000000c3d00000, 0x00000000eb380000)
  object space 35840K, 32% used [0x00000000c1a00000,0x00000000c25567f0,0x00000000c3d00000)
 Metaspace       used 28979K, capacity 30794K, committed 30848K, reserved 1075200K
  class space    used 3851K, capacity 4209K, committed 4224K, reserved 1048576K
Event: 11.048 GC heap after
Heap after GC invocations=10 (full 1):
 PSYoungGen      total 71680K, used 6126K [0x00000000eb380000, 0x00000000f1900000, 0x0000000100000000)
  eden space 65536K, 0% used [0x00000000eb380000,0x00000000eb380000,0x00000000ef380000)
  from space 6144K, 99% used [0x00000000ef380000,0x00000000ef97bbc8,0x00000000ef980000)
  to   space 8192K, 0% used [0x00000000f1100000,0x00000000f1100000,0x00000000f1900000)
 ParOldGen       total 35840K, used 12443K [0x00000000c1a00000, 0x00000000c3d00000, 0x00000000eb380000)
  object space 35840K, 34% used [0x00000000c1a00000,0x00000000c2626cc0,0x00000000c3d00000)
 Metaspace       used 28979K, capacity 30794K, committed 30848K, reserved 1075200K
  class space    used 3851K, capacity 4209K, committed 4224K, reserved 1048576K
}
Event: 12.202 GC heap before
{Heap before GC invocations=11 (full 1):
 PSYoungGen      total 71680K, used 50335K [0x00000000eb380000, 0x00000000f1900000, 0x0000000100000000)
  eden space 65536K, 67% used [0x00000000eb380000,0x00000000edeac258,0x00000000ef380000)
  from space 6144K, 99% used [0x00000000ef380000,0x00000000ef97bbc8,0x00000000ef980000)
  to   space 8192K, 0% used [0x00000000f1100000,0x00000000f1100000,0x00000000f1900000)
 ParOldGen       total 35840K, used 12443K [0x00000000c1a00000, 0x00000000c3d00000, 0x00000000eb380000)
  object space 35840K, 34% used [0x00000000c1a00000,0x00000000c2626cc0,0x00000000c3d00000)
 Metaspace       used 33348K, capacity 35376K, committed 35456K, reserved 1087488K
  class space    used 4617K, capacity 4974K, committed 4992K, reserved 1048576K
Event: 12.253 GC heap after
Heap after GC invocations=11 (full 1):
 PSYoungGen      total 73728K, used 7425K [0x00000000eb380000, 0x00000000f1900000, 0x0000000100000000)
  eden space 65536K, 0% used [0x00000000eb380000,0x00000000eb380000,0x00000000ef380000)
  from space 8192K, 90% used [0x00000000f1100000,0x00000000f1840508,0x00000000f1900000)
  to   space 6144K, 0% used [0x00000000ef380000,0x00000000ef380000,0x00000000ef980000)
 ParOldGen       total 35840K, used 15735K [0x00000000c1a00000, 0x00000000c3d00000, 0x00000000eb380000)
  object space 35840K, 43% used [0x00000000c1a00000,0x00000000c295dd10,0x00000000c3d00000)
 Metaspace       used 33348K, capacity 35376K, committed 35456K, reserved 1087488K
  class space    used 4617K, capacity 4974K, committed 4992K, reserved 1048576K
}
Event: 12.253 GC heap before
{Heap before GC invocations=12 (full 2):
 PSYoungGen      total 73728K, used 7425K [0x00000000eb380000, 0x00000000f1900000, 0x0000000100000000)
  eden space 65536K, 0% used [0x00000000eb380000,0x00000000eb380000,0x00000000ef380000)
  from space 8192K, 90% used [0x00000000f1100000,0x00000000f1840508,0x00000000f1900000)
  to   space 6144K, 0% used [0x00000000ef380000,0x00000000ef380000,0x00000000ef980000)
 ParOldGen       total 35840K, used 15735K [0x00000000c1a00000, 0x00000000c3d00000, 0x00000000eb380000)
  object space 35840K, 43% used [0x00000000c1a00000,0x00000000c295dd10,0x00000000c3d00000)
 Metaspace       used 33348K, capacity 35376K, committed 35456K, reserved 1087488K
  class space    used 4617K, capacity 4974K, committed 4992K, reserved 1048576K
Event: 12.458 GC heap after
Heap after GC invocations=12 (full 2):
 PSYoungGen      total 73728K, used 0K [0x00000000eb380000, 0x00000000f1900000, 0x0000000100000000)
  eden space 65536K, 0% used [0x00000000eb380000,0x00000000eb380000,0x00000000ef380000)
  from space 8192K, 0% used [0x00000000f1100000,0x00000000f1100000,0x00000000f1900000)
  to   space 6144K, 0% used [0x00000000ef380000,0x00000000ef380000,0x00000000ef980000)
 ParOldGen       total 35840K, used 16162K [0x00000000c1a00000, 0x00000000c3d00000, 0x00000000eb380000)
  object space 35840K, 45% used [0x00000000c1a00000,0x00000000c29c8b88,0x00000000c3d00000)
 Metaspace       used 33348K, capacity 35376K, committed 35456K, reserved 1083392K
  class space    used 4617K, capacity 4974K, committed 4992K, reserved 1048576K
}

