# JRE version: Java(TM) SE Runtime Environment (8.0_251-b08) (build 1.8.0_251-b08)
# Java VM: Java HotSpot(TM) 64-Bit Server VM (25.251-b08 mixed mode windows-amd64 compressed oops)
Heap:
 PSYoungGen      total 135680K, used 3050K [0x00000000eb380000, 0x00000000f4e00000, 0x0000000100000000)
  eden space 128000K, 2% used [0x00000000eb380000,0x00000000eb67a9d8,0x00000000f3080000)
  from space 7680K, 0% used [0x00000000f3080000,0x00000000f3080000,0x00000000f3800000)
  to   space 10240K, 0% used [0x00000000f4400000,0x00000000f4400000,0x00000000f4e00000)
 ParOldGen       total 38400K, used 15267K [0x00000000c1a00000, 0x00000000c3f80000, 0x00000000eb380000)
  object space 38400K, 39% used [0x00000000c1a00000,0x00000000c28e8e20,0x00000000c3f80000)
 Metaspace       used 35684K, capacity 37928K, committed 38144K, reserved 1087488K
  class space    used 4923K, capacity 5313K, committed 5376K, reserved 1048576K
GC Heap History (10 events):
Event: 13.335 GC heap before
{Heap before GC invocations=10 (full 1):
 PSYoungGen      total 109056K, used 109047K [0x00000000eb380000, 0x00000000f3f80000, 0x0000000100000000)
  eden space 102912K, 100% used [0x00000000eb380000,0x00000000f1800000,0x00000000f1800000)
  from space 6144K, 99% used [0x00000000f3980000,0x00000000f3f7df60,0x00000000f3f80000)
  to   space 7680K, 0% used [0x00000000f3080000,0x00000000f3080000,0x00000000f3800000)
 ParOldGen       total 38400K, used 14589K [0x00000000c1a00000, 0x00000000c3f80000, 0x00000000eb380000)
  object space 38400K, 37% used [0x00000000c1a00000,0x00000000c283f568,0x00000000c3f80000)
 Metaspace       used 32524K, capacity 34500K, committed 34560K, reserved 1079296K
  class space    used 4443K, capacity 4810K, committed 4864K, reserved 1048576K
Event: 13.379 GC heap after
Heap after GC invocations=10 (full 1):
 PSYoungGen      total 135680K, used 7674K [0x00000000eb380000, 0x00000000f4e00000, 0x0000000100000000)
  eden space 128000K, 0% used [0x00000000eb380000,0x00000000eb380000,0x00000000f3080000)
  from space 7680K, 99% used [0x00000000f3080000,0x00000000f37febb8,0x00000000f3800000)
  to   space 10240K, 0% used [0x00000000f4400000,0x00000000f4400000,0x00000000f4e00000)
 ParOldGen       total 38400K, used 18774K [0x00000000c1a00000, 0x00000000c3f80000, 0x00000000eb380000)
  object space 38400K, 48% used [0x00000000c1a00000,0x00000000c2c55ab0,0x00000000c3f80000)
 Metaspace       used 32524K, capacity 34500K, committed 34560K, reserved 1079296K
  class space    used 4443K, capacity 4810K, committed 4864K, reserved 1048576K
}
Event: 13.595 GC heap before
{Heap before GC invocations=11 (full 1):
 PSYoungGen      total 135680K, used 15600K [0x00000000eb380000, 0x00000000f4e00000, 0x0000000100000000)
  eden space 128000K, 6% used [0x00000000eb380000,0x00000000ebb3d588,0x00000000f3080000)
  from space 7680K, 99% used [0x00000000f3080000,0x00000000f37febb8,0x00000000f3800000)
  to   space 10240K, 0% used [0x00000000f4400000,0x00000000f4400000,0x00000000f4e00000)
 ParOldGen       total 38400K, used 18774K [0x00000000c1a00000, 0x00000000c3f80000, 0x00000000eb380000)
  object space 38400K, 48% used [0x00000000c1a00000,0x00000000c2c55ab0,0x00000000c3f80000)
 Metaspace       used 33328K, capacity 35376K, committed 35456K, reserved 1079296K
  class space    used 4621K, capacity 4974K, committed 4992K, reserved 1048576K
Event: 13.623 GC heap after
Heap after GC invocations=11 (full 1):
 PSYoungGen      total 138240K, used 3982K [0x00000000eb380000, 0x00000000f4e00000, 0x0000000100000000)
  eden space 128000K, 0% used [0x00000000eb380000,0x00000000eb380000,0x00000000f3080000)
  from space 10240K, 38% used [0x00000000f4400000,0x00000000f47e3b10,0x00000000f4e00000)
  to   space 7680K, 0% used [0x00000000f3080000,0x00000000f3080000,0x00000000f3800000)
 ParOldGen       total 38400K, used 22066K [0x00000000c1a00000, 0x00000000c3f80000, 0x00000000eb380000)
  object space 38400K, 57% used [0x00000000c1a00000,0x00000000c2f8cb00,0x00000000c3f80000)
 Metaspace       used 33328K, capacity 35376K, committed 35456K, reserved 1079296K
  class space    used 4621K, capacity 4974K, committed 4992K, reserved 1048576K
}
Event: 13.623 GC heap before
{Heap before GC invocations=12 (full 2):
 PSYoungGen      total 138240K, used 3982K [0x00000000eb380000, 0x00000000f4e00000, 0x0000000100000000)
  eden space 128000K, 0% used [0x00000000eb380000,0x00000000eb380000,0x00000000f3080000)
  from space 10240K, 38% used [0x00000000f4400000,0x00000000f47e3b10,0x00000000f4e00000)
  to   space 7680K, 0% used [0x00000000f3080000,0x00000000f3080000,0x00000000f3800000)
 ParOldGen       total 38400K, used 22066K [0x00000000c1a00000, 0x00000000c3f80000, 0x00000000eb380000)
  object space 38400K, 57% used [0x00000000c1a00000,0x00000000c2f8cb00,0x00000000c3f80000)
 Metaspace       used 33328K, capacity 35376K, committed 35456K, reserved 1079296K
  class space    used 4621K, capacity 4974K, committed 4992K, reserved 1048576K
Event: 13.861 GC heap after
Heap after GC invocations=12 (full 2):
 PSYoungGen      total 138240K, used 0K [0x00000000eb380000, 0x00000000f4e00000, 0x0000000100000000)
  eden space 128000K, 0% used [0x00000000eb380000,0x00000000eb380000,0x00000000f3080000)
  from space 10240K, 0% used [0x00000000f4400000,0x00000000f4400000,0x00000000f4e00000)
  to   space 7680K, 0% used [0x00000000f3080000,0x00000000f3080000,0x00000000f3800000)
 ParOldGen       total 38400K, used 13078K [0x00000000c1a00000, 0x00000000c3f80000, 0x00000000eb380000)
  object space 38400K, 34% used [0x00000000c1a00000,0x00000000c26c5ad8,0x00000000c3f80000)
 Metaspace       used 33328K, capacity 35376K, committed 35456K, reserved 1079296K
  class space    used 4621K, capacity 4974K, committed 4992K, reserved 1048576K
}
Event: 14.368 GC heap before
{Heap before GC invocations=13 (full 2):
 PSYoungGen      total 138240K, used 19759K [0x00000000eb380000, 0x00000000f4e00000, 0x0000000100000000)
  eden space 128000K, 15% used [0x00000000eb380000,0x00000000ec6cbde8,0x00000000f3080000)
  from space 10240K, 0% used [0x00000000f4400000,0x00000000f4400000,0x00000000f4e00000)
  to   space 7680K, 0% used [0x00000000f3080000,0x00000000f3080000,0x00000000f3800000)
 ParOldGen       total 38400K, used 13078K [0x00000000c1a00000, 0x00000000c3f80000, 0x00000000eb380000)
  object space 38400K, 34% used [0x00000000c1a00000,0x00000000c26c5ad8,0x00000000c3f80000)
 Metaspace       used 35506K, capacity 37724K, committed 37888K, reserved 1089536K
  class space    used 4910K, capacity 5310K, committed 5376K, reserved 1048576K
Event: 14.378 GC heap after
Heap after GC invocations=13 (full 2):
 PSYoungGen      total 135680K, used 3223K [0x00000000eb380000, 0x00000000f4e00000, 0x0000000100000000)
  eden space 128000K, 0% used [0x00000000eb380000,0x00000000eb380000,0x00000000f3080000)
  from space 7680K, 41% used [0x00000000f3080000,0x00000000f33a5e70,0x00000000f3800000)
  to   space 10240K, 0% used [0x00000000f4400000,0x00000000f4400000,0x00000000f4e00000)
 ParOldGen       total 38400K, used 13086K [0x00000000c1a00000, 0x00000000c3f80000, 0x00000000eb380000)
  object space 38400K, 34% used [0x00000000c1a00000,0x00000000c26c7ad8,0x00000000c3f80000)
 Metaspace       used 35506K, capacity 37724K, committed 37888K, reserved 1089536K
  class space    used 4910K, capacity 5310K, committed 5376K, reserved 1048576K
}
Event: 14.378 GC heap before
{Heap before GC invocations=14 (full 3):
 PSYoungGen      total 135680K, used 3223K [0x00000000eb380000, 0x00000000f4e00000, 0x0000000100000000)
  eden space 128000K, 0% used [0x00000000eb380000,0x00000000eb380000,0x00000000f3080000)
  from space 7680K, 41% used [0x00000000f3080000,0x00000000f33a5e70,0x00000000f3800000)
  to   space 10240K, 0% used [0x00000000f4400000,0x00000000f4400000,0x00000000f4e00000)
 ParOldGen       total 38400K, used 13086K [0x00000000c1a00000, 0x00000000c3f80000, 0x00000000eb380000)
  object space 38400K, 34% used [0x00000000c1a00000,0x00000000c26c7ad8,0x00000000c3f80000)
 Metaspace       used 35506K, capacity 37724K, committed 37888K, reserved 1089536K
  class space    used 4910K, capacity 5310K, committed 5376K, reserved 1048576K
Event: 14.831 GC heap after
Heap after GC invocations=14 (full 3):
 PSYoungGen      total 135680K, used 0K [0x00000000eb380000, 0x00000000f4e00000, 0x0000000100000000)
  eden space 128000K, 0% used [0x00000000eb380000,0x00000000eb380000,0x00000000f3080000)
  from space 7680K, 0% used [0x00000000f3080000,0x00000000f3080000,0x00000000f3800000)
  to   space 10240K, 0% used [0x00000000f4400000,0x00000000f4400000,0x00000000f4e00000)
 ParOldGen       total 38400K, used 15267K [0x00000000c1a00000, 0x00000000c3f80000, 0x00000000eb380000)
  object space 38400K, 39% used [0x00000000c1a00000,0x00000000c28e8e20,0x00000000c3f80000)
 Metaspace       used 35506K, capacity 37724K, committed 37888K, reserved 1087488K
  class space    used 4910K, capacity 5310K, committed 5376K, reserved 1048576K
}

