# JRE version: Java(TM) SE Runtime Environment (8.0_251-b08) (build 1.8.0_251-b08)
# Java VM: Java HotSpot(TM) 64-Bit Server VM (25.251-b08 mixed mode windows-amd64 compressed oops)
Heap:
 PSYoungGen      total 35328K, used 3169K [0x00000000eb380000, 0x00000000ed880000, 0x0000000100000000)
  eden space 32768K, 9% used [0x00000000eb380000,0x00000000eb6986c0,0x00000000ed380000)
  from space 2560K, 0% used [0x00000000ed380000,0x00000000ed380000,0x00000000ed600000)
  to   space 2560K, 0% used [0x00000000ed600000,0x00000000ed600000,0x00000000ed880000)
 ParOldGen       total 36864K, used 15496K [0x00000000c1a00000, 0x00000000c3e00000, 0x00000000eb380000)
  object space 36864K, 42% used [0x00000000c1a00000,0x00000000c2922380,0x00000000c3e00000)
 Metaspace       used 33595K, capacity 35656K, committed 35880K, reserved 1079296K
  class space    used 4665K, capacity 5042K, committed 5160K, reserved 1048576K
GC Heap History (10 events):
Event: 9.978 GC heap before
{Heap before GC invocations=11 (full 1):
 PSYoungGen      total 35328K, used 35296K [0x00000000eb380000, 0x00000000ed880000, 0x0000000100000000)
  eden space 32768K, 100% used [0x00000000eb380000,0x00000000ed380000,0x00000000ed380000)
  from space 2560K, 98% used [0x00000000ed380000,0x00000000ed5f8020,0x00000000ed600000)
  to   space 2560K, 0% used [0x00000000ed600000,0x00000000ed600000,0x00000000ed880000)
 ParOldGen       total 36864K, used 15046K [0x00000000c1a00000, 0x00000000c3e00000, 0x00000000eb380000)
  object space 36864K, 40% used [0x00000000c1a00000,0x00000000c28b18e0,0x00000000c3e00000)
 Metaspace       used 25719K, capacity 27446K, committed 27648K, reserved 1073152K
  class space    used 3451K, capacity 3777K, committed 3840K, reserved 1048576K
Event: 9.989 GC heap after
Heap after GC invocations=11 (full 1):
 PSYoungGen      total 35328K, used 1832K [0x00000000eb380000, 0x00000000ed880000, 0x0000000100000000)
  eden space 32768K, 0% used [0x00000000eb380000,0x00000000eb380000,0x00000000ed380000)
  from space 2560K, 71% used [0x00000000ed600000,0x00000000ed7ca328,0x00000000ed880000)
  to   space 2560K, 0% used [0x00000000ed380000,0x00000000ed380000,0x00000000ed600000)
 ParOldGen       total 36864K, used 16102K [0x00000000c1a00000, 0x00000000c3e00000, 0x00000000eb380000)
  object space 36864K, 43% used [0x00000000c1a00000,0x00000000c29b98f0,0x00000000c3e00000)
 Metaspace       used 25719K, capacity 27446K, committed 27648K, reserved 1073152K
  class space    used 3451K, capacity 3777K, committed 3840K, reserved 1048576K
}
Event: 11.319 GC heap before
{Heap before GC invocations=12 (full 1):
 PSYoungGen      total 35328K, used 34600K [0x00000000eb380000, 0x00000000ed880000, 0x0000000100000000)
  eden space 32768K, 100% used [0x00000000eb380000,0x00000000ed380000,0x00000000ed380000)
  from space 2560K, 71% used [0x00000000ed600000,0x00000000ed7ca328,0x00000000ed880000)
  to   space 2560K, 0% used [0x00000000ed380000,0x00000000ed380000,0x00000000ed600000)
 ParOldGen       total 36864K, used 16102K [0x00000000c1a00000, 0x00000000c3e00000, 0x00000000eb380000)
  object space 36864K, 43% used [0x00000000c1a00000,0x00000000c29b98f0,0x00000000c3e00000)
 Metaspace       used 28967K, capacity 30796K, committed 30848K, reserved 1075200K
  class space    used 3850K, capacity 4208K, committed 4224K, reserved 1048576K
Event: 11.334 GC heap after
Heap after GC invocations=12 (full 1):
 PSYoungGen      total 35328K, used 2538K [0x00000000eb380000, 0x00000000ed880000, 0x0000000100000000)
  eden space 32768K, 0% used [0x00000000eb380000,0x00000000eb380000,0x00000000ed380000)
  from space 2560K, 99% used [0x00000000ed380000,0x00000000ed5fabb0,0x00000000ed600000)
  to   space 2560K, 0% used [0x00000000ed600000,0x00000000ed600000,0x00000000ed880000)
 ParOldGen       total 36864K, used 18873K [0x00000000c1a00000, 0x00000000c3e00000, 0x00000000eb380000)
  object space 36864K, 51% used [0x00000000c1a00000,0x00000000c2c6e740,0x00000000c3e00000)
 Metaspace       used 28967K, capacity 30796K, committed 30848K, reserved 1075200K
  class space    used 3850K, capacity 4208K, committed 4224K, reserved 1048576K
}
Event: 12.198 GC heap before
{Heap before GC invocations=13 (full 1):
 PSYoungGen      total 35328K, used 35306K [0x00000000eb380000, 0x00000000ed880000, 0x0000000100000000)
  eden space 32768K, 100% used [0x00000000eb380000,0x00000000ed380000,0x00000000ed380000)
  from space 2560K, 99% used [0x00000000ed380000,0x00000000ed5fabb0,0x00000000ed600000)
  to   space 2560K, 0% used [0x00000000ed600000,0x00000000ed600000,0x00000000ed880000)
 ParOldGen       total 36864K, used 18873K [0x00000000c1a00000, 0x00000000c3e00000, 0x00000000eb380000)
  object space 36864K, 51% used [0x00000000c1a00000,0x00000000c2c6e740,0x00000000c3e00000)
 Metaspace       used 32047K, capacity 33988K, committed 34176K, reserved 1079296K
  class space    used 4352K, capacity 4708K, committed 4736K, reserved 1048576K
Event: 12.218 GC heap after
Heap after GC invocations=13 (full 1):
 PSYoungGen      total 35328K, used 2531K [0x00000000eb380000, 0x00000000ed880000, 0x0000000100000000)
  eden space 32768K, 0% used [0x00000000eb380000,0x00000000eb380000,0x00000000ed380000)
  from space 2560K, 98% used [0x00000000ed600000,0x00000000ed878f20,0x00000000ed880000)
  to   space 2560K, 0% used [0x00000000ed380000,0x00000000ed380000,0x00000000ed600000)
 ParOldGen       total 36864K, used 22297K [0x00000000c1a00000, 0x00000000c3e00000, 0x00000000eb380000)
  object space 36864K, 60% used [0x00000000c1a00000,0x00000000c2fc66f0,0x00000000c3e00000)
 Metaspace       used 32047K, capacity 33988K, committed 34176K, reserved 1079296K
  class space    used 4352K, capacity 4708K, committed 4736K, reserved 1048576K
}
Event: 12.581 GC heap before
{Heap before GC invocations=14 (full 1):
 PSYoungGen      total 35328K, used 13992K [0x00000000eb380000, 0x00000000ed880000, 0x0000000100000000)
  eden space 32768K, 34% used [0x00000000eb380000,0x00000000ebeb1100,0x00000000ed380000)
  from space 2560K, 98% used [0x00000000ed600000,0x00000000ed878f20,0x00000000ed880000)
  to   space 2560K, 0% used [0x00000000ed380000,0x00000000ed380000,0x00000000ed600000)
 ParOldGen       total 36864K, used 22297K [0x00000000c1a00000, 0x00000000c3e00000, 0x00000000eb380000)
  object space 36864K, 60% used [0x00000000c1a00000,0x00000000c2fc66f0,0x00000000c3e00000)
 Metaspace       used 33423K, capacity 35466K, committed 35496K, reserved 1079296K
  class space    used 4630K, capacity 5005K, committed 5032K, reserved 1048576K
Event: 12.597 GC heap after
Heap after GC invocations=14 (full 1):
 PSYoungGen      total 35328K, used 1643K [0x00000000eb380000, 0x00000000ed880000, 0x0000000100000000)
  eden space 32768K, 0% used [0x00000000eb380000,0x00000000eb380000,0x00000000ed380000)
  from space 2560K, 64% used [0x00000000ed380000,0x00000000ed51acd8,0x00000000ed600000)
  to   space 2560K, 0% used [0x00000000ed600000,0x00000000ed600000,0x00000000ed880000)
 ParOldGen       total 36864K, used 23785K [0x00000000c1a00000, 0x00000000c3e00000, 0x00000000eb380000)
  object space 36864K, 64% used [0x00000000c1a00000,0x00000000c313a700,0x00000000c3e00000)
 Metaspace       used 33423K, capacity 35466K, committed 35496K, reserved 1079296K
  class space    used 4630K, capacity 5005K, committed 5032K, reserved 1048576K
}
Event: 12.597 GC heap before
{Heap before GC invocations=15 (full 2):
 PSYoungGen      total 35328K, used 1643K [0x00000000eb380000, 0x00000000ed880000, 0x0000000100000000)
  eden space 32768K, 0% used [0x00000000eb380000,0x00000000eb380000,0x00000000ed380000)
  from space 2560K, 64% used [0x00000000ed380000,0x00000000ed51acd8,0x00000000ed600000)
  to   space 2560K, 0% used [0x00000000ed600000,0x00000000ed600000,0x00000000ed880000)
 ParOldGen       total 36864K, used 23785K [0x00000000c1a00000, 0x00000000c3e00000, 0x00000000eb380000)
  object space 36864K, 64% used [0x00000000c1a00000,0x00000000c313a700,0x00000000c3e00000)
 Metaspace       used 33423K, capacity 35466K, committed 35496K, reserved 1079296K
  class space    used 4630K, capacity 5005K, committed 5032K, reserved 1048576K
Event: 12.801 GC heap after
Heap after GC invocations=15 (full 2):
 PSYoungGen      total 35328K, used 0K [0x00000000eb380000, 0x00000000ed880000, 0x0000000100000000)
  eden space 32768K, 0% used [0x00000000eb380000,0x00000000eb380000,0x00000000ed380000)
  from space 2560K, 0% used [0x00000000ed380000,0x00000000ed380000,0x00000000ed600000)
  to   space 2560K, 0% used [0x00000000ed600000,0x00000000ed600000,0x00000000ed880000)
 ParOldGen       total 36864K, used 15496K [0x00000000c1a00000, 0x00000000c3e00000, 0x00000000eb380000)
  object space 36864K, 42% used [0x00000000c1a00000,0x00000000c2922380,0x00000000c3e00000)
 Metaspace       used 33423K, capacity 35466K, committed 35496K, reserved 1079296K
  class space    used 4630K, capacity 5005K, committed 5032K, reserved 1048576K
}

